<?xml version="1.0" encoding="UTF-8"?>
<testsuite xmlns:xsi="http://www.w3.org/2001/XMLSchema-instance" xsi:noNamespaceSchemaLocation="https://maven.apache.org/surefire/maven-surefire-plugin/xsd/surefire-test-report-3.0.xsd" version="3.0" name="TestUnitarios" time="3.936" tests="4" errors="0" skipped="0" failures="0">
  <properties>
[...]
</properties>
  <testcase name="TestEliminarEmpresaTestPorCompleto" classname="TestUnitarios" time="2.655">
    <system-out><![CDATA[Hibernate: alter table personajes add constraint FK8n4i24fa6sugo8jrg0fx9efgc foreign key (idVideojuegoPertenece) references videojuegos (idVideojuego)
Hibernate: alter table sagas add constraint FKk6xb0gd2ia9mhfb5j8v199dkc foreign key (idEmpresaAsignada) references empresas (idEmpresa)
Hibernate: alter table videojuegos add constraint FK3hegrodblkbn0enlg0jp3t2w5 foreign key (idSagaVideojuego) references sagas (idSaga)
Hibernate: select empresa0_.idEmpresa as idempres1_0_, empresa0_.ceo as ceo2_0_, empresa0_.fechaFundacion as fechafun3_0_, empresa0_.nombreEmpresa as nombreem4_0_, empresa0_.paisSede as paissede5_0_ from empresas empresa0_
Entro 2
Hibernate: select saga0_.idSaga as idsaga1_2_, saga0_.anioCreacion as aniocrea2_2_, saga0_.desarrolladora as desarrol3_2_, saga0_.genero as genero4_2_, saga0_.idEmpresaAsignada as idempres6_2_, saga0_.nombreSaga as nombresa5_2_ from sagas saga0_
Hibernate: select videojuego0_.idVideojuego as idvideoj1_3_, videojuego0_.fechaLanzamiento as fechalan2_3_, videojuego0_.idSagaVideojuego as idsagavi6_3_, videojuego0_.motorVideojuego as motorvid3_3_, videojuego0_.nombreVideojuego as nombrevi4_3_, videojuego0_.pegi as pegi5_3_ from videojuegos videojuego0_
Hibernate: select personaje0_.idPersonaje as idperson1_1_, personaje0_.anioAparicion as anioapar2_1_, personaje0_.idVideojuegoPertenece as idvideoj6_1_, personaje0_.interpreteModelo as interpre3_1_, personaje0_.interpreteVoz as interpre4_1_, personaje0_.nombreProtagonista as nombrepr5_1_ from personajes personaje0_
Hibernate: insert into empresas (ceo, fechaFundacion, nombreEmpresa, paisSede) values (?, ?, ?, ?)
Hibernate: delete from empresas where idEmpresa=?
]]></system-out>
    <system-err><![CDATA[ene. 20, 2022 6:13:44 P. M. org.hibernate.Version logVersion
INFO: HHH000412: Hibernate ORM core version 5.6.3.Final
ene. 20, 2022 6:13:44 P. M. org.hibernate.boot.jaxb.internal.stax.LocalXmlResourceResolver resolveEntity
WARN: HHH90000012: Recognized obsolete hibernate namespace http://hibernate.sourceforge.net/hibernate-configuration. Use namespace http://www.hibernate.org/dtd/hibernate-configuration instead.  Support for obsolete DTD/XSD namespaces may be removed at any time.
ene. 20, 2022 6:13:44 P. M. org.hibernate.annotations.common.reflection.java.JavaReflectionManager <clinit>
INFO: HCANN000001: Hibernate Commons Annotations {5.1.2.Final}
ene. 20, 2022 6:13:44 P. M. org.hibernate.engine.jdbc.connections.internal.DriverManagerConnectionProviderImpl configure
WARN: HHH10001002: Using Hibernate built-in connection pool (not for production use!)
Loading class `com.mysql.jdbc.Driver'. This is deprecated. The new driver class is `com.mysql.cj.jdbc.Driver'. The driver is automatically registered via the SPI and manual loading of the driver class is generally unnecessary.
ene. 20, 2022 6:13:44 P. M. org.hibernate.engine.jdbc.connections.internal.DriverManagerConnectionProviderImpl buildCreator
INFO: HHH10001005: using driver [com.mysql.jdbc.Driver] at URL [jdbc:mysql://localhost/practicahibernate]
ene. 20, 2022 6:13:44 P. M. org.hibernate.engine.jdbc.connections.internal.DriverManagerConnectionProviderImpl buildCreator
INFO: HHH10001001: Connection properties: {password=****, user=root}
ene. 20, 2022 6:13:44 P. M. org.hibernate.engine.jdbc.connections.internal.DriverManagerConnectionProviderImpl buildCreator
INFO: HHH10001003: Autocommit mode: false
ene. 20, 2022 6:13:44 P. M. org.hibernate.engine.jdbc.connections.internal.DriverManagerConnectionProviderImpl$PooledConnections <init>
INFO: HHH000115: Hibernate connection pool size: 20 (min=1)
ene. 20, 2022 6:13:45 P. M. org.hibernate.dialect.Dialect <init>
INFO: HHH000400: Using dialect: org.hibernate.dialect.MySQL5Dialect
ene. 20, 2022 6:13:45 P. M. org.hibernate.resource.transaction.backend.jdbc.internal.DdlTransactionIsolatorNonJtaImpl getIsolatedConnection
INFO: HHH10001501: Connection obtained from JdbcConnectionAccess [org.hibernate.engine.jdbc.env.internal.JdbcEnvironmentInitiator$ConnectionProviderJdbcConnectionAccess@1200458e] for (non-JTA) DDL execution was not in auto-commit mode; the Connection 'local transaction' will be committed and the Connection will be set into auto-commit mode.
ene. 20, 2022 6:13:46 P. M. org.hibernate.engine.transaction.jta.platform.internal.JtaPlatformInitiator initiateService
INFO: HHH000490: Using JtaPlatform implementation: [org.hibernate.engine.transaction.jta.platform.internal.NoJtaPlatform]
]]></system-err>
  </testcase>
  <testcase name="TestAñadirEmpresaYEscribirlaEnElFichero" classname="TestUnitarios" time="0.406">
    <system-out><![CDATA[Hibernate: alter table personajes add constraint FK8n4i24fa6sugo8jrg0fx9efgc foreign key (idVideojuegoPertenece) references videojuegos (idVideojuego)
Hibernate: alter table sagas add constraint FKk6xb0gd2ia9mhfb5j8v199dkc foreign key (idEmpresaAsignada) references empresas (idEmpresa)
Hibernate: alter table videojuegos add constraint FK3hegrodblkbn0enlg0jp3t2w5 foreign key (idSagaVideojuego) references sagas (idSaga)
Hibernate: select empresa0_.idEmpresa as idempres1_0_, empresa0_.ceo as ceo2_0_, empresa0_.fechaFundacion as fechafun3_0_, empresa0_.nombreEmpresa as nombreem4_0_, empresa0_.paisSede as paissede5_0_ from empresas empresa0_
Entro 2
Hibernate: select saga0_.idSaga as idsaga1_2_, saga0_.anioCreacion as aniocrea2_2_, saga0_.desarrolladora as desarrol3_2_, saga0_.genero as genero4_2_, saga0_.idEmpresaAsignada as idempres6_2_, saga0_.nombreSaga as nombresa5_2_ from sagas saga0_
Hibernate: select videojuego0_.idVideojuego as idvideoj1_3_, videojuego0_.fechaLanzamiento as fechalan2_3_, videojuego0_.idSagaVideojuego as idsagavi6_3_, videojuego0_.motorVideojuego as motorvid3_3_, videojuego0_.nombreVideojuego as nombrevi4_3_, videojuego0_.pegi as pegi5_3_ from videojuegos videojuego0_
Hibernate: select personaje0_.idPersonaje as idperson1_1_, personaje0_.anioAparicion as anioapar2_1_, personaje0_.idVideojuegoPertenece as idvideoj6_1_, personaje0_.interpreteModelo as interpre3_1_, personaje0_.interpreteVoz as interpre4_1_, personaje0_.nombreProtagonista as nombrepr5_1_ from personajes personaje0_
Hibernate: insert into empresas (ceo, fechaFundacion, nombreEmpresa, paisSede) values (?, ?, ?, ?)
Hibernate: delete from empresas where idEmpresa=?
]]></system-out>
    <system-err><![CDATA[ene. 20, 2022 6:13:46 P. M. org.hibernate.boot.jaxb.internal.stax.LocalXmlResourceResolver resolveEntity
WARN: HHH90000012: Recognized obsolete hibernate namespace http://hibernate.sourceforge.net/hibernate-configuration. Use namespace http://www.hibernate.org/dtd/hibernate-configuration instead.  Support for obsolete DTD/XSD namespaces may be removed at any time.
ene. 20, 2022 6:13:46 P. M. org.hibernate.engine.jdbc.connections.internal.DriverManagerConnectionProviderImpl configure
WARN: HHH10001002: Using Hibernate built-in connection pool (not for production use!)
ene. 20, 2022 6:13:46 P. M. org.hibernate.engine.jdbc.connections.internal.DriverManagerConnectionProviderImpl buildCreator
INFO: HHH10001005: using driver [com.mysql.jdbc.Driver] at URL [jdbc:mysql://localhost/practicahibernate]
ene. 20, 2022 6:13:46 P. M. org.hibernate.engine.jdbc.connections.internal.DriverManagerConnectionProviderImpl buildCreator
INFO: HHH10001001: Connection properties: {password=****, user=root}
ene. 20, 2022 6:13:46 P. M. org.hibernate.engine.jdbc.connections.internal.DriverManagerConnectionProviderImpl buildCreator
INFO: HHH10001003: Autocommit mode: false
ene. 20, 2022 6:13:46 P. M. org.hibernate.engine.jdbc.connections.internal.DriverManagerConnectionProviderImpl$PooledConnections <init>
INFO: HHH000115: Hibernate connection pool size: 20 (min=1)
ene. 20, 2022 6:13:46 P. M. org.hibernate.dialect.Dialect <init>
INFO: HHH000400: Using dialect: org.hibernate.dialect.MySQL5Dialect
ene. 20, 2022 6:13:46 P. M. org.hibernate.resource.transaction.backend.jdbc.internal.DdlTransactionIsolatorNonJtaImpl getIsolatedConnection
INFO: HHH10001501: Connection obtained from JdbcConnectionAccess [org.hibernate.engine.jdbc.env.internal.JdbcEnvironmentInitiator$ConnectionProviderJdbcConnectionAccess@7ac058a0] for (non-JTA) DDL execution was not in auto-commit mode; the Connection 'local transaction' will be committed and the Connection will be set into auto-commit mode.
ene. 20, 2022 6:13:46 P. M. org.hibernate.engine.transaction.jta.platform.internal.JtaPlatformInitiator initiateService
INFO: HHH000490: Using JtaPlatform implementation: [org.hibernate.engine.transaction.jta.platform.internal.NoJtaPlatform]
]]></system-err>
  </testcase>
  <testcase name="TestLeerArchivoYLeerLaEmpresaTestIntroducida" classname="TestUnitarios" time="0.451">
    <system-out><![CDATA[Hibernate: alter table personajes add constraint FK8n4i24fa6sugo8jrg0fx9efgc foreign key (idVideojuegoPertenece) references videojuegos (idVideojuego)
Hibernate: alter table sagas add constraint FKk6xb0gd2ia9mhfb5j8v199dkc foreign key (idEmpresaAsignada) references empresas (idEmpresa)
Hibernate: alter table videojuegos add constraint FK3hegrodblkbn0enlg0jp3t2w5 foreign key (idSagaVideojuego) references sagas (idSaga)
Hibernate: select empresa0_.idEmpresa as idempres1_0_, empresa0_.ceo as ceo2_0_, empresa0_.fechaFundacion as fechafun3_0_, empresa0_.nombreEmpresa as nombreem4_0_, empresa0_.paisSede as paissede5_0_ from empresas empresa0_
Entro 2
Hibernate: select saga0_.idSaga as idsaga1_2_, saga0_.anioCreacion as aniocrea2_2_, saga0_.desarrolladora as desarrol3_2_, saga0_.genero as genero4_2_, saga0_.idEmpresaAsignada as idempres6_2_, saga0_.nombreSaga as nombresa5_2_ from sagas saga0_
Hibernate: select videojuego0_.idVideojuego as idvideoj1_3_, videojuego0_.fechaLanzamiento as fechalan2_3_, videojuego0_.idSagaVideojuego as idsagavi6_3_, videojuego0_.motorVideojuego as motorvid3_3_, videojuego0_.nombreVideojuego as nombrevi4_3_, videojuego0_.pegi as pegi5_3_ from videojuegos videojuego0_
Hibernate: select personaje0_.idPersonaje as idperson1_1_, personaje0_.anioAparicion as anioapar2_1_, personaje0_.idVideojuegoPertenece as idvideoj6_1_, personaje0_.interpreteModelo as interpre3_1_, personaje0_.interpreteVoz as interpre4_1_, personaje0_.nombreProtagonista as nombrepr5_1_ from personajes personaje0_
Hibernate: insert into empresas (ceo, fechaFundacion, nombreEmpresa, paisSede) values (?, ?, ?, ?)
Hibernate: delete from empresas where idEmpresa=?
]]></system-out>
    <system-err><![CDATA[ene. 20, 2022 6:13:47 P. M. org.hibernate.boot.jaxb.internal.stax.LocalXmlResourceResolver resolveEntity
WARN: HHH90000012: Recognized obsolete hibernate namespace http://hibernate.sourceforge.net/hibernate-configuration. Use namespace http://www.hibernate.org/dtd/hibernate-configuration instead.  Support for obsolete DTD/XSD namespaces may be removed at any time.
ene. 20, 2022 6:13:47 P. M. org.hibernate.engine.jdbc.connections.internal.DriverManagerConnectionProviderImpl configure
WARN: HHH10001002: Using Hibernate built-in connection pool (not for production use!)
ene. 20, 2022 6:13:47 P. M. org.hibernate.engine.jdbc.connections.internal.DriverManagerConnectionProviderImpl buildCreator
INFO: HHH10001005: using driver [com.mysql.jdbc.Driver] at URL [jdbc:mysql://localhost/practicahibernate]
ene. 20, 2022 6:13:47 P. M. org.hibernate.engine.jdbc.connections.internal.DriverManagerConnectionProviderImpl buildCreator
INFO: HHH10001001: Connection properties: {password=****, user=root}
ene. 20, 2022 6:13:47 P. M. org.hibernate.engine.jdbc.connections.internal.DriverManagerConnectionProviderImpl buildCreator
INFO: HHH10001003: Autocommit mode: false
ene. 20, 2022 6:13:47 P. M. org.hibernate.engine.jdbc.connections.internal.DriverManagerConnectionProviderImpl$PooledConnections <init>
INFO: HHH000115: Hibernate connection pool size: 20 (min=1)
ene. 20, 2022 6:13:47 P. M. org.hibernate.dialect.Dialect <init>
INFO: HHH000400: Using dialect: org.hibernate.dialect.MySQL5Dialect
ene. 20, 2022 6:13:47 P. M. org.hibernate.resource.transaction.backend.jdbc.internal.DdlTransactionIsolatorNonJtaImpl getIsolatedConnection
INFO: HHH10001501: Connection obtained from JdbcConnectionAccess [org.hibernate.engine.jdbc.env.internal.JdbcEnvironmentInitiator$ConnectionProviderJdbcConnectionAccess@7523d5a1] for (non-JTA) DDL execution was not in auto-commit mode; the Connection 'local transaction' will be committed and the Connection will be set into auto-commit mode.
ene. 20, 2022 6:13:47 P. M. org.hibernate.engine.transaction.jta.platform.internal.JtaPlatformInitiator initiateService
INFO: HHH000490: Using JtaPlatform implementation: [org.hibernate.engine.transaction.jta.platform.internal.NoJtaPlatform]
]]></system-err>
  </testcase>
  <testcase name="TestModificarUnaEmpresaYQueSeModifiqueEnElFichero" classname="TestUnitarios" time="0.4">
    <system-out><![CDATA[Hibernate: alter table personajes add constraint FK8n4i24fa6sugo8jrg0fx9efgc foreign key (idVideojuegoPertenece) references videojuegos (idVideojuego)
Hibernate: alter table sagas add constraint FKk6xb0gd2ia9mhfb5j8v199dkc foreign key (idEmpresaAsignada) references empresas (idEmpresa)
Hibernate: alter table videojuegos add constraint FK3hegrodblkbn0enlg0jp3t2w5 foreign key (idSagaVideojuego) references sagas (idSaga)
Hibernate: select empresa0_.idEmpresa as idempres1_0_, empresa0_.ceo as ceo2_0_, empresa0_.fechaFundacion as fechafun3_0_, empresa0_.nombreEmpresa as nombreem4_0_, empresa0_.paisSede as paissede5_0_ from empresas empresa0_
Entro 2
Hibernate: select saga0_.idSaga as idsaga1_2_, saga0_.anioCreacion as aniocrea2_2_, saga0_.desarrolladora as desarrol3_2_, saga0_.genero as genero4_2_, saga0_.idEmpresaAsignada as idempres6_2_, saga0_.nombreSaga as nombresa5_2_ from sagas saga0_
Hibernate: select videojuego0_.idVideojuego as idvideoj1_3_, videojuego0_.fechaLanzamiento as fechalan2_3_, videojuego0_.idSagaVideojuego as idsagavi6_3_, videojuego0_.motorVideojuego as motorvid3_3_, videojuego0_.nombreVideojuego as nombrevi4_3_, videojuego0_.pegi as pegi5_3_ from videojuegos videojuego0_
Hibernate: select personaje0_.idPersonaje as idperson1_1_, personaje0_.anioAparicion as anioapar2_1_, personaje0_.idVideojuegoPertenece as idvideoj6_1_, personaje0_.interpreteModelo as interpre3_1_, personaje0_.interpreteVoz as interpre4_1_, personaje0_.nombreProtagonista as nombrepr5_1_ from personajes personaje0_
Hibernate: insert into empresas (ceo, fechaFundacion, nombreEmpresa, paisSede) values (?, ?, ?, ?)
Hibernate: update empresas set ceo=?, fechaFundacion=?, nombreEmpresa=?, paisSede=? where idEmpresa=?
Hibernate: update empresas set ceo=?, fechaFundacion=?, nombreEmpresa=?, paisSede=? where idEmpresa=?
Hibernate: update empresas set ceo=?, fechaFundacion=?, nombreEmpresa=?, paisSede=? where idEmpresa=?
Hibernate: delete from empresas where idEmpresa=?
]]></system-out>
    <system-err><![CDATA[ene. 20, 2022 6:13:47 P. M. org.hibernate.boot.jaxb.internal.stax.LocalXmlResourceResolver resolveEntity
WARN: HHH90000012: Recognized obsolete hibernate namespace http://hibernate.sourceforge.net/hibernate-configuration. Use namespace http://www.hibernate.org/dtd/hibernate-configuration instead.  Support for obsolete DTD/XSD namespaces may be removed at any time.
ene. 20, 2022 6:13:47 P. M. org.hibernate.engine.jdbc.connections.internal.DriverManagerConnectionProviderImpl configure
WARN: HHH10001002: Using Hibernate built-in connection pool (not for production use!)
ene. 20, 2022 6:13:47 P. M. org.hibernate.engine.jdbc.connections.internal.DriverManagerConnectionProviderImpl buildCreator
INFO: HHH10001005: using driver [com.mysql.jdbc.Driver] at URL [jdbc:mysql://localhost/practicahibernate]
ene. 20, 2022 6:13:47 P. M. org.hibernate.engine.jdbc.connections.internal.DriverManagerConnectionProviderImpl buildCreator
INFO: HHH10001001: Connection properties: {password=****, user=root}
ene. 20, 2022 6:13:47 P. M. org.hibernate.engine.jdbc.connections.internal.DriverManagerConnectionProviderImpl buildCreator
INFO: HHH10001003: Autocommit mode: false
ene. 20, 2022 6:13:47 P. M. org.hibernate.engine.jdbc.connections.internal.DriverManagerConnectionProviderImpl$PooledConnections <init>
INFO: HHH000115: Hibernate connection pool size: 20 (min=1)
ene. 20, 2022 6:13:47 P. M. org.hibernate.dialect.Dialect <init>
INFO: HHH000400: Using dialect: org.hibernate.dialect.MySQL5Dialect
ene. 20, 2022 6:13:47 P. M. org.hibernate.resource.transaction.backend.jdbc.internal.DdlTransactionIsolatorNonJtaImpl getIsolatedConnection
INFO: HHH10001501: Connection obtained from JdbcConnectionAccess [org.hibernate.engine.jdbc.env.internal.JdbcEnvironmentInitiator$ConnectionProviderJdbcConnectionAccess@3b770d07] for (non-JTA) DDL execution was not in auto-commit mode; the Connection 'local transaction' will be committed and the Connection will be set into auto-commit mode.
ene. 20, 2022 6:13:47 P. M. org.hibernate.engine.transaction.jta.platform.internal.JtaPlatformInitiator initiateService
INFO: HHH000490: Using JtaPlatform implementation: [org.hibernate.engine.transaction.jta.platform.internal.NoJtaPlatform]
]]></system-err>
  </testcase>
</testsuite>